<?xml version="1.0" encoding="UTF-8"?>
<testng-results ignored="0" total="3" passed="1" failed="2" skipped="0">
  <reporter-output>
  </reporter-output>
  <suite started-at="2021-12-30T17:05:02 CST" name="CucumberRunnerTest" finished-at="2021-12-30T17:05:35 CST" duration-ms="32483">
    <groups>
      <group name="cucumber">
        <method signature="AbstractTestNGCucumberTests.runScenario(io.cucumber.testng.PickleWrapper,io.cucumber.testng.FeatureWrapper)[pri:0, instance:CucumberRunnerTest@60438a68]" name="runScenario" class="io.cucumber.testng.AbstractTestNGCucumberTests"/>
      </group> <!-- cucumber -->
    </groups>
    <test started-at="2021-12-30T17:05:02 CST" name="Command line test" finished-at="2021-12-30T17:05:35 CST" duration-ms="32483">
      <class name="CucumberRunnerTest">
        <test-method is-config="true" signature="setUpClass()[pri:0, instance:CucumberRunnerTest@60438a68]" started-at="2021-12-30T17:05:02 CST" name="setUpClass" finished-at="2021-12-30T17:05:02 CST" duration-ms="233" status="PASS">
          <reporter-output>
          </reporter-output>
        </test-method> <!-- setUpClass -->
        <test-method signature="runScenario(io.cucumber.testng.PickleWrapper,io.cucumber.testng.FeatureWrapper)[pri:0, instance:CucumberRunnerTest@60438a68]" started-at="2021-12-30T17:05:02 CST" name="runScenario" description="Runs Cucumber Scenarios" data-provider="scenarios" finished-at="2021-12-30T17:05:15 CST" duration-ms="12783" status="FAIL">
          <params>
            <param index="0">
              <value>
                <![CDATA["To Test the combinations of all data of username and password"]]>
              </value>
            </param>
            <param index="1">
              <value>
                <![CDATA["To test all combinations in Login module"]]>
              </value>
            </param>
          </params>
          <exception class="org.assertj.core.api.SoftAssertionError">
            <message>
              <![CDATA[
The following assertion failed:
1) 
expected: "Login Successfully"
 but was: "Login Successfull"
at BaseClass.lambda$static$4(BaseClass.java:96)
]]>
            </message>
            <full-stacktrace>
              <![CDATA[org.assertj.core.api.SoftAssertionError: 
The following assertion failed:
1) 
expected: "Login Successfully"
 but was: "Login Successfull"
at BaseClass.lambda$static$4(BaseClass.java:96)

at org.assertj.core.error.AssertionErrorCreator.multipleSoftAssertionsError(AssertionErrorCreator.java:100)
at org.assertj.core.api.AbstractSoftAssertions.assertAll(AbstractSoftAssertions.java:37)
at org.assertj.core.api.AbstractSoftAssertions.assertAll(AbstractSoftAssertions.java:42)
at org.assertj.core.api.SoftAssertionsProvider.assertSoftly(SoftAssertionsProvider.java:120)
at org.assertj.core.api.SoftAssertions.assertSoftly(SoftAssertions.java:162)
at basePack.BaseClass.lambda$static$5(BaseClass.java:93)
at Steps.LoginSteps.iAmOnTheHomePage(LoginSteps.java:54)
at ✽.I am on the HomePage(file:///Users/kalyanparam/JunitReport/AutomationFramework/src/main/resources/features/Login.feature:8)
]]>
            </full-stacktrace>
          </exception> <!-- org.assertj.core.api.SoftAssertionError -->
          <reporter-output>
          </reporter-output>
        </test-method> <!-- runScenario -->
        <test-method signature="runScenario(io.cucumber.testng.PickleWrapper,io.cucumber.testng.FeatureWrapper)[pri:0, instance:CucumberRunnerTest@60438a68]" started-at="2021-12-30T17:05:15 CST" name="runScenario" description="Runs Cucumber Scenarios" data-provider="scenarios" finished-at="2021-12-30T17:05:25 CST" duration-ms="9845" status="FAIL">
          <params>
            <param index="0">
              <value>
                <![CDATA["To Test the combinations of all data of username and password"]]>
              </value>
            </param>
            <param index="1">
              <value>
                <![CDATA["To test all combinations in Login module"]]>
              </value>
            </param>
          </params>
          <exception class="org.assertj.core.api.SoftAssertionError">
            <message>
              <![CDATA[
The following assertion failed:
1) 
expected: "Login Successfully"
 but was: "Login Successfull"
at BaseClass.lambda$static$4(BaseClass.java:96)
]]>
            </message>
            <full-stacktrace>
              <![CDATA[org.assertj.core.api.SoftAssertionError: 
The following assertion failed:
1) 
expected: "Login Successfully"
 but was: "Login Successfull"
at BaseClass.lambda$static$4(BaseClass.java:96)

at org.assertj.core.error.AssertionErrorCreator.multipleSoftAssertionsError(AssertionErrorCreator.java:100)
at org.assertj.core.api.AbstractSoftAssertions.assertAll(AbstractSoftAssertions.java:37)
at org.assertj.core.api.AbstractSoftAssertions.assertAll(AbstractSoftAssertions.java:42)
at org.assertj.core.api.SoftAssertionsProvider.assertSoftly(SoftAssertionsProvider.java:120)
at org.assertj.core.api.SoftAssertions.assertSoftly(SoftAssertions.java:162)
at basePack.BaseClass.lambda$static$5(BaseClass.java:93)
at Steps.LoginSteps.iAmOnTheHomePage(LoginSteps.java:54)
at ✽.I am on the HomePage(file:///Users/kalyanparam/JunitReport/AutomationFramework/src/main/resources/features/Login.feature:8)
]]>
            </full-stacktrace>
          </exception> <!-- org.assertj.core.api.SoftAssertionError -->
          <reporter-output>
          </reporter-output>
        </test-method> <!-- runScenario -->
        <test-method signature="runScenario(io.cucumber.testng.PickleWrapper,io.cucumber.testng.FeatureWrapper)[pri:0, instance:CucumberRunnerTest@60438a68]" started-at="2021-12-30T17:05:25 CST" name="runScenario" description="Runs Cucumber Scenarios" data-provider="scenarios" finished-at="2021-12-30T17:05:35 CST" duration-ms="9600" status="PASS">
          <params>
            <param index="0">
              <value>
                <![CDATA["To check registration details"]]>
              </value>
            </param>
            <param index="1">
              <value>
                <![CDATA["To test the registration details module"]]>
              </value>
            </param>
          </params>
          <reporter-output>
          </reporter-output>
        </test-method> <!-- runScenario -->
        <test-method is-config="true" signature="tearDownClass()[pri:0, instance:CucumberRunnerTest@60438a68]" started-at="2021-12-30T17:05:35 CST" name="tearDownClass" finished-at="2021-12-30T17:05:35 CST" duration-ms="2" status="PASS">
          <reporter-output>
          </reporter-output>
        </test-method> <!-- tearDownClass -->
      </class> <!-- CucumberRunnerTest -->
    </test> <!-- Command line test -->
  </suite> <!-- CucumberRunnerTest -->
</testng-results>
