<?xml version="1.0" encoding="UTF-8"?>
<!-- Generated by org.testng.reporters.JUnitReportReporter -->
<testsuite hostname="Kalyans-MBP" failures="2" tests="3" name="CucumberRunnerTest" time="32.228" errors="0" timestamp="2021-12-30T17:05:35 CST" skipped="0">
  <testcase classname="CucumberRunnerTest" name="runScenario" time="9.600"/>
  <system-out/>
  <testcase classname="CucumberRunnerTest" name="runScenario" time="12.783">
    <failure message="
The following assertion failed:
1) 
expected: &quot;Login Successfully&quot;
 but was: &quot;Login Successfull&quot;
at BaseClass.lambda$static$4(BaseClass.java:96)
" type="org.assertj.core.api.SoftAssertionError">
      <![CDATA[org.assertj.core.api.SoftAssertionError: 
The following assertion failed:
1) 
expected: "Login Successfully"
 but was: "Login Successfull"
at BaseClass.lambda$static$4(BaseClass.java:96)

at org.assertj.core.error.AssertionErrorCreator.multipleSoftAssertionsError(AssertionErrorCreator.java:100)
at org.assertj.core.api.AbstractSoftAssertions.assertAll(AbstractSoftAssertions.java:37)
at org.assertj.core.api.AbstractSoftAssertions.assertAll(AbstractSoftAssertions.java:42)
at org.assertj.core.api.SoftAssertionsProvider.assertSoftly(SoftAssertionsProvider.java:120)
at org.assertj.core.api.SoftAssertions.assertSoftly(SoftAssertions.java:162)
at basePack.BaseClass.lambda$static$5(BaseClass.java:93)
at Steps.LoginSteps.iAmOnTheHomePage(LoginSteps.java:54)
at ✽.I am on the HomePage(file:///Users/kalyanparam/JunitReport/AutomationFramework/src/main/resources/features/Login.feature:8)
]]>
    </failure>
  </testcase> <!-- runScenario -->
  <system-out/>
  <testcase classname="CucumberRunnerTest" name="runScenario" time="9.845">
    <failure message="
The following assertion failed:
1) 
expected: &quot;Login Successfully&quot;
 but was: &quot;Login Successfull&quot;
at BaseClass.lambda$static$4(BaseClass.java:96)
" type="org.assertj.core.api.SoftAssertionError">
      <![CDATA[org.assertj.core.api.SoftAssertionError: 
The following assertion failed:
1) 
expected: "Login Successfully"
 but was: "Login Successfull"
at BaseClass.lambda$static$4(BaseClass.java:96)

at org.assertj.core.error.AssertionErrorCreator.multipleSoftAssertionsError(AssertionErrorCreator.java:100)
at org.assertj.core.api.AbstractSoftAssertions.assertAll(AbstractSoftAssertions.java:37)
at org.assertj.core.api.AbstractSoftAssertions.assertAll(AbstractSoftAssertions.java:42)
at org.assertj.core.api.SoftAssertionsProvider.assertSoftly(SoftAssertionsProvider.java:120)
at org.assertj.core.api.SoftAssertions.assertSoftly(SoftAssertions.java:162)
at basePack.BaseClass.lambda$static$5(BaseClass.java:93)
at Steps.LoginSteps.iAmOnTheHomePage(LoginSteps.java:54)
at ✽.I am on the HomePage(file:///Users/kalyanparam/JunitReport/AutomationFramework/src/main/resources/features/Login.feature:8)
]]>
    </failure>
  </testcase> <!-- runScenario -->
  <system-out/>
</testsuite> <!-- CucumberRunnerTest -->
