<?xml version="1.0" encoding="UTF-8"?>
<!-- Generated by org.testng.reporters.JUnitXMLReporter -->
<testsuite ignored="0" hostname="Kalyans-MBP" failures="2" tests="3" name="Command line test" time="32.483" errors="0" timestamp="2021-12-30T17:05:35 CST">
  <testcase classname="io.cucumber.testng.AbstractTestNGCucumberTests" name="runScenario" time="12.783">
    <failure type="org.assertj.core.api.SoftAssertionError" message="
The following assertion failed:
1) 
expected: &amp;quot;Login Successfully&amp;quot;
 but was: &amp;quot;Login Successfull&amp;quot;
at BaseClass.lambda$static$4(BaseClass.java:96)
">
      <![CDATA[org.assertj.core.api.SoftAssertionError: 
The following assertion failed:
1) 
expected: "Login Successfully"
 but was: "Login Successfull"
at BaseClass.lambda$static$4(BaseClass.java:96)

at org.assertj.core.error.AssertionErrorCreator.multipleSoftAssertionsError(AssertionErrorCreator.java:100)
at org.assertj.core.api.AbstractSoftAssertions.assertAll(AbstractSoftAssertions.java:37)
at org.assertj.core.api.AbstractSoftAssertions.assertAll(AbstractSoftAssertions.java:42)
at org.assertj.core.api.SoftAssertionsProvider.assertSoftly(SoftAssertionsProvider.java:120)
at org.assertj.core.api.SoftAssertions.assertSoftly(SoftAssertions.java:162)
at basePack.BaseClass.lambda$static$5(BaseClass.java:93)
at Steps.LoginSteps.iAmOnTheHomePage(LoginSteps.java:54)
at ✽.I am on the HomePage(file:///Users/kalyanparam/JunitReport/AutomationFramework/src/main/resources/features/Login.feature:8)
]]>
    </failure>
  </testcase> <!-- runScenario -->
  <testcase classname="io.cucumber.testng.AbstractTestNGCucumberTests" name="runScenario" time="9.845">
    <failure type="org.assertj.core.api.SoftAssertionError" message="
The following assertion failed:
1) 
expected: &amp;quot;Login Successfully&amp;quot;
 but was: &amp;quot;Login Successfull&amp;quot;
at BaseClass.lambda$static$4(BaseClass.java:96)
">
      <![CDATA[org.assertj.core.api.SoftAssertionError: 
The following assertion failed:
1) 
expected: "Login Successfully"
 but was: "Login Successfull"
at BaseClass.lambda$static$4(BaseClass.java:96)

at org.assertj.core.error.AssertionErrorCreator.multipleSoftAssertionsError(AssertionErrorCreator.java:100)
at org.assertj.core.api.AbstractSoftAssertions.assertAll(AbstractSoftAssertions.java:37)
at org.assertj.core.api.AbstractSoftAssertions.assertAll(AbstractSoftAssertions.java:42)
at org.assertj.core.api.SoftAssertionsProvider.assertSoftly(SoftAssertionsProvider.java:120)
at org.assertj.core.api.SoftAssertions.assertSoftly(SoftAssertions.java:162)
at basePack.BaseClass.lambda$static$5(BaseClass.java:93)
at Steps.LoginSteps.iAmOnTheHomePage(LoginSteps.java:54)
at ✽.I am on the HomePage(file:///Users/kalyanparam/JunitReport/AutomationFramework/src/main/resources/features/Login.feature:8)
]]>
    </failure>
  </testcase> <!-- runScenario -->
  <testcase classname="io.cucumber.testng.AbstractTestNGCucumberTests" name="runScenario" time="9.6"/>
</testsuite> <!-- Command line test -->
