<html>
<head>
<title>TestNG:  Command line test</title>
<link href="../testng.css" rel="stylesheet" type="text/css" />
<link href="../my-testng.css" rel="stylesheet" type="text/css" />

<style type="text/css">
.log { display: none;} 
.stack-trace { display: none;} 
</style>
<script type="text/javascript">
<!--
function flip(e) {
  current = e.style.display;
  if (current == 'block') {
    e.style.display = 'none';
    return 0;
  }
  else {
    e.style.display = 'block';
    return 1;
  }
}

function toggleBox(szDivId, elem, msg1, msg2)
{
  var res = -1;  if (document.getElementById) {
    res = flip(document.getElementById(szDivId));
  }
  else if (document.all) {
    // this is the way old msie versions work
    res = flip(document.all[szDivId]);
  }
  if(elem) {
    if(res == 0) elem.innerHTML = msg1; else elem.innerHTML = msg2;
  }

}

function toggleAllBoxes() {
  if (document.getElementsByTagName) {
    d = document.getElementsByTagName('div');
    for (i = 0; i < d.length; i++) {
      if (d[i].className == 'log') {
        flip(d[i]);
      }
    }
  }
}

// -->
</script>

</head>
<body>
<h2 align='center'>Command line test</h2><table border='1' align="center">
<tr>
<td>Tests passed/Failed/Skipped:</td><td>1/2/0</td>
</tr><tr>
<td>Started on:</td><td>Thu Dec 30 17:05:02 CST 2021</td>
</tr>
<tr><td>Total time:</td><td>32 seconds (32483 ms)</td>
</tr><tr>
<td>Included groups:</td><td></td>
</tr><tr>
<td>Excluded groups:</td><td></td>
</tr>
</table><p/>
<small><i>(Hover the method name to see the test class name)</i></small><p/>
<table width='100%' border='1' class='invocation-failed'>
<tr><td colspan='4' align='center'><b>FAILED TESTS</b></td></tr>
<tr><td><b>Test method</b></td>
<td width="30%"><b>Exception</b></td>
<td width="10%"><b>Time (seconds)</b></td>
<td><b>Instance</b></td>
</tr>
<tr>
<td title='CucumberRunnerTest.runScenario()'><b>runScenario</b><br>Test class: CucumberRunnerTest<br>Test method: Runs Cucumber Scenarios<br>Parameters: "To Test the combinations of all data of username and password", "To test all combinations in Login module"</td>
<td><div><pre>org.assertj.core.api.SoftAssertionError: 
The following assertion failed:
1) 
expected: &quot;Login Successfully&quot;
 but was: &quot;Login Successfull&quot;
at BaseClass.lambda$static$4(BaseClass.java:96)

	at org.assertj.core.error.AssertionErrorCreator.multipleSoftAssertionsError(AssertionErrorCreator.java:100)
	at org.assertj.core.api.AbstractSoftAssertions.assertAll(AbstractSoftAssertions.java:37)
	at org.assertj.core.api.AbstractSoftAssertions.assertAll(AbstractSoftAssertions.java:42)
	at org.assertj.core.api.SoftAssertionsProvider.assertSoftly(SoftAssertionsProvider.java:120)
	at org.assertj.core.api.SoftAssertions.assertSoftly(SoftAssertions.java:162)
	at basePack.BaseClass.lambda$static$5(BaseClass.java:93)
	at Steps.LoginSteps.iAmOnTheHomePage(LoginSteps.java:54)
	at ✽.I am on the HomePage(file:///Users/kalyanparam/JunitReport/AutomationFramework/src/main/resources/features/Login.feature:8)
</pre></div><a href='#' onClick='toggleBox("stack-trace2111669429", this, "Click to show all stack frames", "Click to hide stack frames")'>Click to show all stack frames</a>
<div class='stack-trace' id='stack-trace2111669429'><pre>org.assertj.core.api.SoftAssertionError: 
The following assertion failed:
1) 
expected: &quot;Login Successfully&quot;
 but was: &quot;Login Successfull&quot;
at BaseClass.lambda$static$4(BaseClass.java:96)

	at org.assertj.core.error.AssertionErrorCreator.multipleSoftAssertionsError(AssertionErrorCreator.java:100)
	at org.assertj.core.api.AbstractSoftAssertions.assertAll(AbstractSoftAssertions.java:37)
	at org.assertj.core.api.AbstractSoftAssertions.assertAll(AbstractSoftAssertions.java:42)
	at org.assertj.core.api.SoftAssertionsProvider.assertSoftly(SoftAssertionsProvider.java:120)
	at org.assertj.core.api.SoftAssertions.assertSoftly(SoftAssertions.java:162)
	at basePack.BaseClass.lambda$static$5(BaseClass.java:93)
	at Steps.LoginSteps.iAmOnTheHomePage(LoginSteps.java:54)
	at ✽.I am on the HomePage(file:///Users/kalyanparam/JunitReport/AutomationFramework/src/main/resources/features/Login.feature:8)
</pre></div></td>
<td>12</td>
<td>CucumberRunnerTest@60438a68</td></tr>
<tr>
<td title='CucumberRunnerTest.runScenario()'><b>runScenario</b><br>Test class: CucumberRunnerTest<br>Test method: Runs Cucumber Scenarios<br>Parameters: "To Test the combinations of all data of username and password", "To test all combinations in Login module"</td>
<td><div><pre>org.assertj.core.api.SoftAssertionError: 
The following assertion failed:
1) 
expected: &quot;Login Successfully&quot;
 but was: &quot;Login Successfull&quot;
at BaseClass.lambda$static$4(BaseClass.java:96)

	at org.assertj.core.error.AssertionErrorCreator.multipleSoftAssertionsError(AssertionErrorCreator.java:100)
	at org.assertj.core.api.AbstractSoftAssertions.assertAll(AbstractSoftAssertions.java:37)
	at org.assertj.core.api.AbstractSoftAssertions.assertAll(AbstractSoftAssertions.java:42)
	at org.assertj.core.api.SoftAssertionsProvider.assertSoftly(SoftAssertionsProvider.java:120)
	at org.assertj.core.api.SoftAssertions.assertSoftly(SoftAssertions.java:162)
	at basePack.BaseClass.lambda$static$5(BaseClass.java:93)
	at Steps.LoginSteps.iAmOnTheHomePage(LoginSteps.java:54)
	at ✽.I am on the HomePage(file:///Users/kalyanparam/JunitReport/AutomationFramework/src/main/resources/features/Login.feature:8)
</pre></div><a href='#' onClick='toggleBox("stack-trace800218956", this, "Click to show all stack frames", "Click to hide stack frames")'>Click to show all stack frames</a>
<div class='stack-trace' id='stack-trace800218956'><pre>org.assertj.core.api.SoftAssertionError: 
The following assertion failed:
1) 
expected: &quot;Login Successfully&quot;
 but was: &quot;Login Successfull&quot;
at BaseClass.lambda$static$4(BaseClass.java:96)

	at org.assertj.core.error.AssertionErrorCreator.multipleSoftAssertionsError(AssertionErrorCreator.java:100)
	at org.assertj.core.api.AbstractSoftAssertions.assertAll(AbstractSoftAssertions.java:37)
	at org.assertj.core.api.AbstractSoftAssertions.assertAll(AbstractSoftAssertions.java:42)
	at org.assertj.core.api.SoftAssertionsProvider.assertSoftly(SoftAssertionsProvider.java:120)
	at org.assertj.core.api.SoftAssertions.assertSoftly(SoftAssertions.java:162)
	at basePack.BaseClass.lambda$static$5(BaseClass.java:93)
	at Steps.LoginSteps.iAmOnTheHomePage(LoginSteps.java:54)
	at ✽.I am on the HomePage(file:///Users/kalyanparam/JunitReport/AutomationFramework/src/main/resources/features/Login.feature:8)
</pre></div></td>
<td>9</td>
<td>CucumberRunnerTest@60438a68</td></tr>
</table><p>
<table width='100%' border='1' class='invocation-passed'>
<tr><td colspan='4' align='center'><b>PASSED TESTS</b></td></tr>
<tr><td><b>Test method</b></td>
<td width="30%"><b>Exception</b></td>
<td width="10%"><b>Time (seconds)</b></td>
<td><b>Instance</b></td>
</tr>
<tr>
<td title='CucumberRunnerTest.runScenario()'><b>runScenario</b><br>Test class: CucumberRunnerTest<br>Test method: Runs Cucumber Scenarios<br>Parameters: "To check registration details", "To test the registration details module"</td>
<td></td>
<td>9</td>
<td>CucumberRunnerTest@60438a68</td></tr>
</table><p>
</body>
</html>